2025-10-07 16:19:44,733 - banking_investment_os.api - INFO - Initializing Banking Investment OS modules...
2025-10-07 16:19:44,734 - banking_investment_os.api - INFO - Setting up Company Valuation Module...
2025-10-07 16:19:44,735 - banking_investment_os.agents - INFO - Creating Financial Data Agent...
2025-10-07 16:19:44,735 - banking_investment_os.api - INFO - CompanyValuationV2 agents initialized successfully
2025-10-07 16:19:44,740 - banking_investment_os.api - INFO - All modules initialized successfully!
2025-10-07 16:19:44,754 - banking_investment_os.api - INFO - Starting Banking Investment OS FastAPI Server...
2025-10-07 16:19:44,754 - banking_investment_os.api - INFO - Server will be available at: http://localhost:8000
2025-10-07 16:19:44,771 - banking_investment_os.api - INFO - API Documentation: http://localhost:8000/docs
2025-10-07 16:19:44,771 - banking_investment_os.api - INFO - Health Check: http://localhost:8000/health
2025-10-07 16:19:52,223 - banking_investment_os.api - INFO - Initializing Banking Investment OS modules...
2025-10-07 16:19:52,232 - banking_investment_os.api - INFO - Setting up Company Valuation Module...
2025-10-07 16:19:52,232 - banking_investment_os.agents - INFO - Creating Financial Data Agent...
2025-10-07 16:19:52,233 - banking_investment_os.api - INFO - CompanyValuationV2 agents initialized successfully
2025-10-07 16:19:52,235 - banking_investment_os.api - INFO - All modules initialized successfully!
2025-10-07 16:19:52,859 - banking_investment_os.api - INFO - Initializing Banking Investment OS modules...
2025-10-07 16:19:52,860 - banking_investment_os.api - INFO - Setting up Company Valuation Module...
2025-10-07 16:19:52,860 - banking_investment_os.agents - INFO - Creating Financial Data Agent...
2025-10-07 16:19:52,861 - banking_investment_os.api - INFO - CompanyValuationV2 agents initialized successfully
2025-10-07 16:19:52,863 - banking_investment_os.api - INFO - All modules initialized successfully!
2025-10-07 16:20:17,129 - banking_investment_os.api - INFO - File uploaded: CP_Maroc_Telecom_T1__25.pdf (1241098 bytes)
2025-10-07 16:22:01,507 - banking_investment_os.api - INFO - File uploaded: CP_Maroc_Telecom_T1__25.pdf (1241098 bytes)
2025-10-07 16:22:15,549 - banking_investment_os.api - INFO - File uploaded: CP_Maroc_Telecom_T1__25.pdf (1241098 bytes)
2025-10-07 16:26:51,079 - banking_investment_os.api - INFO - Initializing Banking Investment OS modules...
2025-10-07 16:26:51,120 - banking_investment_os.api - INFO - Setting up Company Valuation Module...
2025-10-07 16:26:51,120 - banking_investment_os.agents - INFO - Creating Financial Data Agent...
2025-10-07 16:26:51,120 - banking_investment_os.api - INFO - CompanyValuationV2 agents initialized successfully
2025-10-07 16:26:51,128 - banking_investment_os.api - INFO - All modules initialized successfully!
2025-10-07 16:26:52,288 - banking_investment_os.api - INFO - Initializing Banking Investment OS modules...
2025-10-07 16:26:52,296 - banking_investment_os.api - INFO - Setting up Company Valuation Module...
2025-10-07 16:26:52,297 - banking_investment_os.agents - INFO - Creating Financial Data Agent...
2025-10-07 16:26:52,298 - banking_investment_os.api - INFO - CompanyValuationV2 agents initialized successfully
2025-10-07 16:26:52,307 - banking_investment_os.api - INFO - All modules initialized successfully!
2025-10-07 16:33:12,673 - banking_investment_os.api - INFO - Initializing Banking Investment OS modules...
2025-10-07 16:33:12,689 - banking_investment_os.api - INFO - Setting up Company Valuation Module...
2025-10-07 16:33:12,690 - banking_investment_os.agents - INFO - Creating Financial Data Agent...
2025-10-07 16:33:12,691 - banking_investment_os.api - INFO - CompanyValuationV2 agents initialized successfully
2025-10-07 16:33:12,692 - banking_investment_os.api - INFO - All modules initialized successfully!
2025-10-07 16:33:12,731 - banking_investment_os.api - INFO - Starting Banking Investment OS FastAPI Server...
2025-10-07 16:33:12,770 - banking_investment_os.api - INFO - Server will be available at: http://localhost:8000
2025-10-07 16:33:12,778 - banking_investment_os.api - INFO - API Documentation: http://localhost:8000/docs
2025-10-07 16:33:12,778 - banking_investment_os.api - INFO - Health Check: http://localhost:8000/health
2025-10-07 16:33:18,212 - banking_investment_os.api - INFO - Initializing Banking Investment OS modules...
2025-10-07 16:33:18,214 - banking_investment_os.api - INFO - Setting up Company Valuation Module...
2025-10-07 16:33:18,214 - banking_investment_os.agents - INFO - Creating Financial Data Agent...
2025-10-07 16:33:18,215 - banking_investment_os.api - INFO - CompanyValuationV2 agents initialized successfully
2025-10-07 16:33:18,217 - banking_investment_os.api - INFO - All modules initialized successfully!
2025-10-07 16:33:18,604 - banking_investment_os.api - INFO - Initializing Banking Investment OS modules...
2025-10-07 16:33:18,622 - banking_investment_os.api - INFO - Setting up Company Valuation Module...
2025-10-07 16:33:18,622 - banking_investment_os.agents - INFO - Creating Financial Data Agent...
2025-10-07 16:33:18,622 - banking_investment_os.api - INFO - CompanyValuationV2 agents initialized successfully
2025-10-07 16:33:18,631 - banking_investment_os.api - INFO - All modules initialized successfully!
2025-10-07 16:38:51,494 - banking_investment_os.api - INFO - Initializing Banking Investment OS modules...
2025-10-07 16:38:51,494 - banking_investment_os.api - INFO - Setting up Company Valuation Module...
2025-10-07 16:38:51,494 - banking_investment_os.agents - INFO - Creating Financial Data Agent...
2025-10-07 16:38:51,494 - banking_investment_os.api - INFO - CompanyValuationV2 agents initialized successfully
2025-10-07 16:38:51,500 - banking_investment_os.api - INFO - All modules initialized successfully!
2025-10-07 16:38:51,512 - banking_investment_os.api - INFO - Starting Banking Investment OS FastAPI Server...
2025-10-07 16:38:51,512 - banking_investment_os.api - INFO - Server will be available at: http://localhost:8000
2025-10-07 16:38:51,512 - banking_investment_os.api - INFO - API Documentation: http://localhost:8000/docs
2025-10-07 16:38:51,512 - banking_investment_os.api - INFO - Health Check: http://localhost:8000/health
2025-10-07 16:38:59,901 - banking_investment_os.api - INFO - Initializing Banking Investment OS modules...
2025-10-07 16:38:59,905 - banking_investment_os.api - INFO - Setting up Company Valuation Module...
2025-10-07 16:38:59,905 - banking_investment_os.agents - INFO - Creating Financial Data Agent...
2025-10-07 16:38:59,906 - banking_investment_os.api - INFO - CompanyValuationV2 agents initialized successfully
2025-10-07 16:38:59,908 - banking_investment_os.api - INFO - All modules initialized successfully!
2025-10-07 16:39:00,362 - banking_investment_os.api - INFO - Initializing Banking Investment OS modules...
2025-10-07 16:39:00,364 - banking_investment_os.api - INFO - Setting up Company Valuation Module...
2025-10-07 16:39:00,366 - banking_investment_os.agents - INFO - Creating Financial Data Agent...
2025-10-07 16:39:00,367 - banking_investment_os.api - INFO - CompanyValuationV2 agents initialized successfully
2025-10-07 16:39:00,379 - banking_investment_os.api - INFO - All modules initialized successfully!
2025-10-07 16:45:44,837 - banking_investment_os.api - INFO - Initializing Banking Investment OS modules...
2025-10-07 16:45:44,844 - banking_investment_os.api - INFO - Setting up Company Valuation Module...
2025-10-07 16:45:44,844 - banking_investment_os.agents - INFO - Creating Financial Data Agent...
2025-10-07 16:45:44,844 - banking_investment_os.api - INFO - CompanyValuationV2 agents initialized successfully
2025-10-07 16:45:44,848 - banking_investment_os.api - INFO - All modules initialized successfully!
2025-10-07 16:45:45,295 - banking_investment_os.api - INFO - Initializing Banking Investment OS modules...
2025-10-07 16:45:45,299 - banking_investment_os.api - INFO - Setting up Company Valuation Module...
2025-10-07 16:45:45,300 - banking_investment_os.agents - INFO - Creating Financial Data Agent...
2025-10-07 16:45:45,301 - banking_investment_os.api - INFO - CompanyValuationV2 agents initialized successfully
2025-10-07 16:45:45,304 - banking_investment_os.api - INFO - All modules initialized successfully!
2025-10-07 16:45:52,393 - banking_investment_os.api - INFO - [company_valuation_financial_data_agent_20251007_164552] Received query request - Module: company_valuation, Agent: financial_data_agent
2025-10-07 16:45:52,393 - banking_investment_os.agents - INFO - [company_valuation_financial_data_agent_20251007_164552] Query: get companues
2025-10-07 16:45:52,395 - banking_investment_os.agents - INFO - [company_valuation_financial_data_agent_20251007_164552] Agent retrieved successfully: Financial Data Agent
2025-10-07 16:45:52,396 - banking_investment_os.agents - INFO - [company_valuation_financial_data_agent_20251007_164552] Executing agent query...
2025-10-07 16:46:01,175 - httpx - INFO - HTTP Request: POST https://api.x.ai/v1/chat/completions "HTTP/1.1 200 OK"
2025-10-07 16:46:12,430 - httpx - INFO - HTTP Request: POST https://api.x.ai/v1/chat/completions "HTTP/1.1 200 OK"
2025-10-07 16:46:15,201 - httpx - INFO - HTTP Request: POST https://os-api.agno.com/telemetry/runs "HTTP/1.1 201 Created"
2025-10-07 16:46:15,202 - banking_investment_os.agents - INFO - [company_valuation_financial_data_agent_20251007_164552] Agent execution completed in 22.81 seconds
2025-10-07 16:46:15,202 - banking_investment_os.agents - INFO - [company_valuation_financial_data_agent_20251007_164552] Response length: 664 characters
2025-10-07 16:46:15,202 - banking_investment_os.api - INFO - [company_valuation_financial_data_agent_20251007_164552] Query completed successfully in 22.81 seconds
2025-10-08 10:13:41,928 - banking_investment_os.api - INFO - Initializing Banking Investment OS modules...
2025-10-08 10:13:41,932 - banking_investment_os.api - INFO - Setting up Company Valuation Module...
2025-10-08 10:13:41,932 - banking_investment_os.agents - INFO - Creating Financial Data Agent...
2025-10-08 10:13:41,932 - banking_investment_os.api - INFO - CompanyValuationV2 agents initialized successfully
2025-10-08 10:13:41,934 - banking_investment_os.api - WARNING - OCR client not configured. Please set up your OCR client in initialize_ocr_client()
2025-10-08 10:13:41,939 - banking_investment_os.api - INFO - All modules initialized successfully!
2025-10-08 10:13:41,973 - banking_investment_os.api - INFO - Starting Banking Investment OS FastAPI Server...
2025-10-08 10:13:41,992 - banking_investment_os.api - INFO - Server will be available at: http://localhost:8000
2025-10-08 10:13:41,992 - banking_investment_os.api - INFO - API Documentation: http://localhost:8000/docs
2025-10-08 10:13:42,000 - banking_investment_os.api - INFO - Health Check: http://localhost:8000/health
2025-10-08 10:13:47,707 - banking_investment_os.api - INFO - Initializing Banking Investment OS modules...
2025-10-08 10:13:47,713 - banking_investment_os.api - INFO - Setting up Company Valuation Module...
2025-10-08 10:13:47,713 - banking_investment_os.agents - INFO - Creating Financial Data Agent...
2025-10-08 10:13:47,713 - banking_investment_os.api - INFO - CompanyValuationV2 agents initialized successfully
2025-10-08 10:13:47,713 - banking_investment_os.api - WARNING - OCR client not configured. Please set up your OCR client in initialize_ocr_client()
2025-10-08 10:13:47,724 - banking_investment_os.api - INFO - All modules initialized successfully!
2025-10-08 10:13:48,964 - banking_investment_os.api - INFO - Initializing Banking Investment OS modules...
2025-10-08 10:13:48,964 - banking_investment_os.api - INFO - Setting up Company Valuation Module...
2025-10-08 10:13:48,970 - banking_investment_os.agents - INFO - Creating Financial Data Agent...
2025-10-08 10:13:48,971 - banking_investment_os.api - INFO - CompanyValuationV2 agents initialized successfully
2025-10-08 10:13:48,973 - banking_investment_os.api - WARNING - OCR client not configured. Please set up your OCR client in initialize_ocr_client()
2025-10-08 10:13:48,985 - banking_investment_os.api - INFO - All modules initialized successfully!
2025-10-08 10:14:43,451 - banking_investment_os.api - INFO - Processing PDF with OCR: CP_Maroc_Telecom_T1__25.pdf
2025-10-08 10:14:43,452 - banking_investment_os.api - WARNING - OCR failed for CP_Maroc_Telecom_T1__25.pdf: OCR client not initialized
2025-10-08 10:14:43,456 - banking_investment_os.api - INFO - File uploaded: CP_Maroc_Telecom_T1__25.pdf (1241098 bytes)
2025-10-08 10:15:13,089 - banking_investment_os.api - INFO - Processing PDF with OCR: CP_Maroc_Telecom_T1__25.pdf
2025-10-08 10:15:13,089 - banking_investment_os.api - WARNING - OCR failed for CP_Maroc_Telecom_T1__25.pdf: OCR client not initialized
2025-10-08 10:15:13,089 - banking_investment_os.api - INFO - File uploaded: CP_Maroc_Telecom_T1__25.pdf (1241098 bytes)
2025-10-08 10:16:26,451 - banking_investment_os.api - INFO - Initializing Banking Investment OS modules...
2025-10-08 10:16:26,489 - banking_investment_os.api - INFO - Setting up Company Valuation Module...
2025-10-08 10:16:26,578 - banking_investment_os.agents - INFO - Creating Financial Data Agent...
2025-10-08 10:16:26,639 - banking_investment_os.api - INFO - CompanyValuationV2 agents initialized successfully
2025-10-08 10:16:26,704 - banking_investment_os.api - WARNING - OCR client not configured. Please set up your OCR client in initialize_ocr_client()
2025-10-08 10:16:26,741 - banking_investment_os.api - INFO - All modules initialized successfully!
2025-10-08 10:16:27,224 - banking_investment_os.api - INFO - Initializing Banking Investment OS modules...
2025-10-08 10:16:27,226 - banking_investment_os.api - INFO - Setting up Company Valuation Module...
2025-10-08 10:16:27,243 - banking_investment_os.agents - INFO - Creating Financial Data Agent...
2025-10-08 10:16:27,261 - banking_investment_os.api - INFO - CompanyValuationV2 agents initialized successfully
2025-10-08 10:16:27,261 - banking_investment_os.api - WARNING - OCR client not configured. Please set up your OCR client in initialize_ocr_client()
2025-10-08 10:16:27,270 - banking_investment_os.api - INFO - All modules initialized successfully!
2025-10-08 10:17:22,580 - banking_investment_os.api - INFO - Initializing Banking Investment OS modules...
2025-10-08 10:17:22,582 - banking_investment_os.api - INFO - Setting up Company Valuation Module...
2025-10-08 10:17:22,587 - banking_investment_os.agents - INFO - Creating Financial Data Agent...
2025-10-08 10:17:22,587 - banking_investment_os.api - INFO - CompanyValuationV2 agents initialized successfully
2025-10-08 10:17:22,588 - banking_investment_os.api - WARNING - OCR client not configured. Please set up your OCR client in initialize_ocr_client()
2025-10-08 10:17:22,601 - banking_investment_os.api - INFO - All modules initialized successfully!
2025-10-08 10:17:22,662 - banking_investment_os.api - INFO - Starting Banking Investment OS FastAPI Server...
2025-10-08 10:17:22,674 - banking_investment_os.api - INFO - Server will be available at: http://localhost:8000
2025-10-08 10:17:22,681 - banking_investment_os.api - INFO - API Documentation: http://localhost:8000/docs
2025-10-08 10:17:22,682 - banking_investment_os.api - INFO - Health Check: http://localhost:8000/health
2025-10-08 10:17:28,297 - banking_investment_os.api - INFO - Initializing Banking Investment OS modules...
2025-10-08 10:17:28,299 - banking_investment_os.api - INFO - Setting up Company Valuation Module...
2025-10-08 10:17:28,299 - banking_investment_os.agents - INFO - Creating Financial Data Agent...
2025-10-08 10:17:28,300 - banking_investment_os.api - INFO - CompanyValuationV2 agents initialized successfully
2025-10-08 10:17:28,301 - banking_investment_os.api - WARNING - OCR client not configured. Please set up your OCR client in initialize_ocr_client()
2025-10-08 10:17:28,303 - banking_investment_os.api - INFO - All modules initialized successfully!
2025-10-08 10:17:28,431 - banking_investment_os.api - INFO - Initializing Banking Investment OS modules...
2025-10-08 10:17:28,434 - banking_investment_os.api - INFO - Setting up Company Valuation Module...
2025-10-08 10:17:28,436 - banking_investment_os.agents - INFO - Creating Financial Data Agent...
2025-10-08 10:17:28,438 - banking_investment_os.api - INFO - CompanyValuationV2 agents initialized successfully
2025-10-08 10:17:28,440 - banking_investment_os.api - WARNING - OCR client not configured. Please set up your OCR client in initialize_ocr_client()
2025-10-08 10:17:28,445 - banking_investment_os.api - INFO - All modules initialized successfully!
2025-10-08 10:17:34,828 - banking_investment_os.api - INFO - Processing PDF with fallback OCR (pypdf): CP_Maroc_Telecom_T1__25.pdf
2025-10-08 10:17:40,896 - Modules.FallbackOCR - INFO - Extracted text saved to: Inputs\CP_Maroc_Telecom_T1__25.txt
2025-10-08 10:17:40,898 - banking_investment_os.api - INFO - Fallback OCR completed successfully for CP_Maroc_Telecom_T1__25.pdf
2025-10-08 10:17:40,899 - banking_investment_os.api - INFO - File uploaded: CP_Maroc_Telecom_T1__25.pdf (1241098 bytes)
2025-10-08 10:23:46,841 - banking_investment_os.api - INFO - Processing PDF with fallback OCR (pypdf): Branoma_2S05.pdf
2025-10-08 10:23:47,151 - Modules.FallbackOCR - INFO - Extracted text saved to: Inputs\Branoma_2S05.txt
2025-10-08 10:23:47,151 - banking_investment_os.api - INFO - Fallback OCR completed successfully for Branoma_2S05.pdf
2025-10-08 10:23:47,152 - banking_investment_os.api - INFO - File uploaded: Branoma_2S05.pdf (85048 bytes)
2025-10-08 10:24:33,695 - banking_investment_os.api - INFO - Initializing Banking Investment OS modules...
2025-10-08 10:24:33,695 - banking_investment_os.api - INFO - Setting up Company Valuation Module...
2025-10-08 10:24:33,701 - banking_investment_os.agents - INFO - Creating Financial Data Agent...
2025-10-08 10:24:33,704 - banking_investment_os.api - INFO - CompanyValuationV2 agents initialized successfully
2025-10-08 10:24:33,706 - banking_investment_os.api - WARNING - OCR client not configured. Please set up your OCR client in initialize_ocr_client()
2025-10-08 10:24:33,717 - banking_investment_os.api - INFO - All modules initialized successfully!
2025-10-08 10:24:34,189 - banking_investment_os.api - INFO - Initializing Banking Investment OS modules...
2025-10-08 10:24:34,192 - banking_investment_os.api - INFO - Setting up Company Valuation Module...
2025-10-08 10:24:34,192 - banking_investment_os.agents - INFO - Creating Financial Data Agent...
2025-10-08 10:24:34,192 - banking_investment_os.api - INFO - CompanyValuationV2 agents initialized successfully
2025-10-08 10:24:34,192 - banking_investment_os.api - WARNING - OCR client not configured. Please set up your OCR client in initialize_ocr_client()
2025-10-08 10:24:34,199 - banking_investment_os.api - INFO - All modules initialized successfully!
2025-10-08 10:29:44,274 - banking_investment_os.api - INFO - Processing PDF with fallback OCR (pypdf): CP_Maroc_Telecom_T1__25.pdf
2025-10-08 10:29:50,788 - Modules.FallbackOCR - INFO - Extracted text saved to: Inputs\CP_Maroc_Telecom_T1__25.txt
2025-10-08 10:29:50,791 - banking_investment_os.api - INFO - Fallback OCR completed successfully for CP_Maroc_Telecom_T1__25.pdf
2025-10-08 10:29:50,795 - banking_investment_os.api - INFO - File uploaded: CP_Maroc_Telecom_T1__25.pdf (1241098 bytes)
2025-10-08 10:30:13,199 - banking_investment_os.api - INFO - [company_valuation_financial_data_agent_20251008_103013] Received query request - Module: company_valuation, Agent: financial_data_agent
2025-10-08 10:30:13,213 - banking_investment_os.agents - INFO - [company_valuation_financial_data_agent_20251008_103013] Query: Based on the file I uploaded, give me a valuation of maroc telecom
2025-10-08 10:30:13,230 - banking_investment_os.agents - INFO - [company_valuation_financial_data_agent_20251008_103013] Agent retrieved successfully: Financial Data Agent
2025-10-08 10:30:13,233 - banking_investment_os.agents - INFO - [company_valuation_financial_data_agent_20251008_103013] Executing agent query...
2025-10-08 10:30:25,835 - httpx - INFO - HTTP Request: POST https://api.x.ai/v1/chat/completions "HTTP/1.1 200 OK"
2025-10-08 10:30:39,290 - httpx - INFO - HTTP Request: POST https://api.x.ai/v1/chat/completions "HTTP/1.1 200 OK"
2025-10-08 10:30:58,942 - httpx - INFO - HTTP Request: POST https://api.x.ai/v1/chat/completions "HTTP/1.1 200 OK"
2025-10-08 10:31:02,183 - httpx - INFO - HTTP Request: POST https://os-api.agno.com/telemetry/runs "HTTP/1.1 201 Created"
2025-10-08 10:31:02,193 - banking_investment_os.agents - INFO - [company_valuation_financial_data_agent_20251008_103013] Agent execution completed in 48.95 seconds
2025-10-08 10:31:02,195 - banking_investment_os.agents - INFO - [company_valuation_financial_data_agent_20251008_103013] Response length: 5161 characters
2025-10-08 10:31:02,197 - banking_investment_os.api - INFO - [company_valuation_financial_data_agent_20251008_103013] Query completed successfully in 49.00 seconds
2025-10-08 10:32:50,181 - banking_investment_os.api - INFO - Processing PDF with fallback OCR (pypdf): Branoma_2S05.pdf
2025-10-08 10:32:50,638 - Modules.FallbackOCR - INFO - Extracted text saved to: Inputs\Branoma_2S05.txt
2025-10-08 10:32:50,639 - banking_investment_os.api - INFO - Fallback OCR completed successfully for Branoma_2S05.pdf
2025-10-08 10:32:50,640 - banking_investment_os.api - INFO - File uploaded: Branoma_2S05.pdf (85048 bytes)
2025-10-08 10:34:15,572 - banking_investment_os.api - INFO - [company_valuation_financial_data_agent_20251008_103415] Received query request - Module: company_valuation, Agent: financial_data_agent
2025-10-08 10:34:15,572 - banking_investment_os.agents - INFO - [company_valuation_financial_data_agent_20251008_103415] Query: This is a non-listed company but financial data is available. based on the file I uploaded that cont...
2025-10-08 10:34:15,573 - banking_investment_os.agents - INFO - [company_valuation_financial_data_agent_20251008_103415] Agent retrieved successfully: Financial Data Agent
2025-10-08 10:34:15,573 - banking_investment_os.agents - INFO - [company_valuation_financial_data_agent_20251008_103415] Executing agent query...
2025-10-08 10:34:29,038 - httpx - INFO - HTTP Request: POST https://api.x.ai/v1/chat/completions "HTTP/1.1 200 OK"
2025-10-08 10:34:38,662 - httpx - INFO - HTTP Request: POST https://api.x.ai/v1/chat/completions "HTTP/1.1 200 OK"
2025-10-08 10:34:41,012 - httpx - INFO - HTTP Request: POST https://os-api.agno.com/telemetry/runs "HTTP/1.1 201 Created"
2025-10-08 10:34:41,014 - banking_investment_os.agents - INFO - [company_valuation_financial_data_agent_20251008_103415] Agent execution completed in 25.44 seconds
2025-10-08 10:34:41,015 - banking_investment_os.agents - INFO - [company_valuation_financial_data_agent_20251008_103415] Response length: 2268 characters
2025-10-08 10:34:41,017 - banking_investment_os.api - INFO - [company_valuation_financial_data_agent_20251008_103415] Query completed successfully in 25.45 seconds
2025-10-08 10:53:15,664 - banking_investment_os.api - INFO - [company_valuation_financial_data_agent_20251008_105315] Received query request - Module: company_valuation, Agent: financial_data_agent
2025-10-08 10:53:15,671 - banking_investment_os.agents - INFO - [company_valuation_financial_data_agent_20251008_105315] Query: This is a non-listed company but financial data is available. based on the file I uploaded that cont...
2025-10-08 10:53:15,673 - banking_investment_os.agents - INFO - [company_valuation_financial_data_agent_20251008_105315] Agent retrieved successfully: Financial Data Agent
2025-10-08 10:53:15,676 - banking_investment_os.agents - INFO - [company_valuation_financial_data_agent_20251008_105315] Executing agent query...
2025-10-08 10:53:27,220 - httpx - INFO - HTTP Request: POST https://api.x.ai/v1/chat/completions "HTTP/1.1 200 OK"
2025-10-08 10:53:33,404 - httpx - INFO - HTTP Request: POST https://api.x.ai/v1/chat/completions "HTTP/1.1 200 OK"
2025-10-08 10:54:15,636 - httpx - INFO - HTTP Request: POST https://api.x.ai/v1/chat/completions "HTTP/1.1 200 OK"
2025-10-08 10:54:30,013 - httpx - INFO - HTTP Request: POST https://api.x.ai/v1/chat/completions "HTTP/1.1 200 OK"
2025-10-08 10:54:55,809 - httpx - INFO - HTTP Request: POST https://api.x.ai/v1/chat/completions "HTTP/1.1 200 OK"
2025-10-08 10:54:58,949 - httpx - INFO - HTTP Request: POST https://os-api.agno.com/telemetry/runs "HTTP/1.1 201 Created"
2025-10-08 10:54:58,953 - banking_investment_os.agents - INFO - [company_valuation_financial_data_agent_20251008_105315] Agent execution completed in 103.26 seconds
2025-10-08 10:54:58,955 - banking_investment_os.agents - INFO - [company_valuation_financial_data_agent_20251008_105315] Response length: 11302 characters
2025-10-08 10:54:58,957 - banking_investment_os.api - INFO - [company_valuation_financial_data_agent_20251008_105315] Query completed successfully in 103.29 seconds
2025-10-08 10:57:23,533 - banking_investment_os.api - INFO - Initializing Banking Investment OS modules...
2025-10-08 10:57:23,535 - banking_investment_os.api - INFO - Setting up Company Valuation Module...
2025-10-08 10:57:23,536 - banking_investment_os.agents - INFO - Creating Financial Data Agent...
2025-10-08 10:57:23,538 - banking_investment_os.api - INFO - CompanyValuationV2 agents initialized successfully
2025-10-08 10:57:23,539 - banking_investment_os.api - WARNING - OCR client not configured. Please set up your OCR client in initialize_ocr_client()
2025-10-08 10:57:23,554 - banking_investment_os.api - INFO - All modules initialized successfully!
2025-10-08 10:57:24,112 - banking_investment_os.api - INFO - Initializing Banking Investment OS modules...
2025-10-08 10:57:24,114 - banking_investment_os.api - INFO - Setting up Company Valuation Module...
2025-10-08 10:57:24,115 - banking_investment_os.agents - INFO - Creating Financial Data Agent...
2025-10-08 10:57:24,115 - banking_investment_os.api - INFO - CompanyValuationV2 agents initialized successfully
2025-10-08 10:57:24,116 - banking_investment_os.api - WARNING - OCR client not configured. Please set up your OCR client in initialize_ocr_client()
2025-10-08 10:57:24,120 - banking_investment_os.api - INFO - All modules initialized successfully!
2025-10-08 11:02:57,290 - banking_investment_os.api - INFO - [company_valuation_financial_data_agent_20251008_110257] Received query request - Module: company_valuation, Agent: financial_data_agent
2025-10-08 11:02:57,292 - banking_investment_os.agents - INFO - [company_valuation_financial_data_agent_20251008_110257] Query: This is a non-listed company and financial data is not available. do a valuation of the TGCC company...
2025-10-08 11:02:57,293 - banking_investment_os.agents - INFO - [company_valuation_financial_data_agent_20251008_110257] Agent retrieved successfully: Financial Data Agent
2025-10-08 11:02:57,294 - banking_investment_os.agents - INFO - [company_valuation_financial_data_agent_20251008_110257] Executing agent query...
2025-10-08 11:03:12,137 - httpx - INFO - HTTP Request: POST https://api.x.ai/v1/chat/completions "HTTP/1.1 200 OK"
2025-10-08 11:03:27,496 - httpx - INFO - HTTP Request: POST https://api.x.ai/v1/chat/completions "HTTP/1.1 200 OK"
2025-10-08 11:03:31,288 - httpx - INFO - HTTP Request: POST https://os-api.agno.com/telemetry/runs "HTTP/1.1 201 Created"
2025-10-08 11:03:31,289 - banking_investment_os.agents - INFO - [company_valuation_financial_data_agent_20251008_110257] Agent execution completed in 33.99 seconds
2025-10-08 11:03:31,292 - banking_investment_os.agents - INFO - [company_valuation_financial_data_agent_20251008_110257] Response length: 2280 characters
2025-10-08 11:03:31,294 - banking_investment_os.api - INFO - [company_valuation_financial_data_agent_20251008_110257] Query completed successfully in 34.01 seconds
2025-10-08 11:05:23,886 - banking_investment_os.api - INFO - Initializing Banking Investment OS modules...
2025-10-08 11:05:23,886 - banking_investment_os.api - INFO - Setting up Company Valuation Module...
2025-10-08 11:05:23,887 - banking_investment_os.agents - INFO - Creating Financial Data Agent...
2025-10-08 11:05:23,888 - banking_investment_os.api - INFO - CompanyValuationV2 agents initialized successfully
2025-10-08 11:05:23,888 - banking_investment_os.api - WARNING - OCR client not configured. Please set up your OCR client in initialize_ocr_client()
2025-10-08 11:05:23,892 - banking_investment_os.api - INFO - All modules initialized successfully!
2025-10-08 11:05:24,373 - banking_investment_os.api - INFO - Initializing Banking Investment OS modules...
2025-10-08 11:05:24,376 - banking_investment_os.api - INFO - Setting up Company Valuation Module...
2025-10-08 11:05:24,380 - banking_investment_os.agents - INFO - Creating Financial Data Agent...
2025-10-08 11:05:24,382 - banking_investment_os.api - INFO - CompanyValuationV2 agents initialized successfully
2025-10-08 11:05:24,385 - banking_investment_os.api - WARNING - OCR client not configured. Please set up your OCR client in initialize_ocr_client()
2025-10-08 11:05:24,393 - banking_investment_os.api - INFO - All modules initialized successfully!
2025-10-08 11:06:00,311 - banking_investment_os.api - INFO - [company_valuation_financial_data_agent_20251008_110600] Received query request - Module: company_valuation, Agent: financial_data_agent
2025-10-08 11:06:00,312 - banking_investment_os.agents - INFO - [company_valuation_financial_data_agent_20251008_110600] Query: This is a non-listed company and financial data is not available. do a valuation of the TGCC (Casabl...
2025-10-08 11:06:00,313 - banking_investment_os.agents - INFO - [company_valuation_financial_data_agent_20251008_110600] Agent retrieved successfully: Financial Data Agent
2025-10-08 11:06:00,314 - banking_investment_os.agents - INFO - [company_valuation_financial_data_agent_20251008_110600] Executing agent query...
2025-10-08 11:06:15,840 - httpx - INFO - HTTP Request: POST https://api.x.ai/v1/chat/completions "HTTP/1.1 200 OK"
2025-10-08 11:06:29,343 - httpx - INFO - HTTP Request: POST https://api.x.ai/v1/chat/completions "HTTP/1.1 200 OK"
2025-10-08 11:06:47,480 - httpx - INFO - HTTP Request: POST https://api.x.ai/v1/chat/completions "HTTP/1.1 200 OK"
2025-10-08 11:07:04,421 - httpx - INFO - HTTP Request: POST https://api.x.ai/v1/chat/completions "HTTP/1.1 200 OK"
2025-10-08 11:07:07,038 - httpx - INFO - HTTP Request: POST https://os-api.agno.com/telemetry/runs "HTTP/1.1 201 Created"
2025-10-08 11:07:07,041 - banking_investment_os.agents - INFO - [company_valuation_financial_data_agent_20251008_110600] Agent execution completed in 66.73 seconds
2025-10-08 11:07:07,042 - banking_investment_os.agents - INFO - [company_valuation_financial_data_agent_20251008_110600] Response length: 5523 characters
2025-10-08 11:07:07,045 - banking_investment_os.api - INFO - [company_valuation_financial_data_agent_20251008_110600] Query completed successfully in 66.73 seconds
2025-10-08 11:08:26,613 - banking_investment_os.api - INFO - [company_valuation_financial_data_agent_20251008_110826] Received query request - Module: company_valuation, Agent: financial_data_agent
2025-10-08 11:08:26,615 - banking_investment_os.agents - INFO - [company_valuation_financial_data_agent_20251008_110826] Query: This is a non-listed company and financial data is not available. do a valuation of the TGCC (Casabl...
2025-10-08 11:08:26,615 - banking_investment_os.agents - INFO - [company_valuation_financial_data_agent_20251008_110826] Agent retrieved successfully: Financial Data Agent
2025-10-08 11:08:26,616 - banking_investment_os.agents - INFO - [company_valuation_financial_data_agent_20251008_110826] Executing agent query...
2025-10-08 11:08:36,840 - httpx - INFO - HTTP Request: POST https://api.x.ai/v1/chat/completions "HTTP/1.1 200 OK"
2025-10-08 11:08:53,229 - httpx - INFO - HTTP Request: POST https://api.x.ai/v1/chat/completions "HTTP/1.1 200 OK"
2025-10-08 11:09:09,379 - httpx - INFO - HTTP Request: POST https://api.x.ai/v1/chat/completions "HTTP/1.1 200 OK"
2025-10-08 11:09:45,770 - httpx - INFO - HTTP Request: POST https://api.x.ai/v1/chat/completions "HTTP/1.1 200 OK"
2025-10-08 11:10:15,804 - httpx - INFO - HTTP Request: POST https://api.x.ai/v1/chat/completions "HTTP/1.1 200 OK"
2025-10-08 11:10:18,831 - httpx - INFO - HTTP Request: POST https://os-api.agno.com/telemetry/runs "HTTP/1.1 201 Created"
2025-10-08 11:10:18,833 - banking_investment_os.agents - INFO - [company_valuation_financial_data_agent_20251008_110826] Agent execution completed in 112.22 seconds
2025-10-08 11:10:18,833 - banking_investment_os.agents - INFO - [company_valuation_financial_data_agent_20251008_110826] Response length: 20415 characters
2025-10-08 11:10:18,834 - banking_investment_os.api - INFO - [company_valuation_financial_data_agent_20251008_110826] Query completed successfully in 112.22 seconds
